---------- Date: 2018-06-18 17:49:13 ~ IP : ::1 ----------
REQUEST URI : /new/index.php?route=product/search&search=d
MOD DETAILS:
   modFile   : C:\xampp\htdocs\new\vqmod/xml/tv_smshare.vqmod.xml
   id        : smshare-oc2-extension
   version   : 4.1.0
   vqmver    : 2.5.1
   author    : dev@smshare.fr - http://www.smshare.fr

File Name    : system/library/language.php(0)
VQModObject::applyMod - SEARCH NOT FOUND (ABORTING MOD): public function load($filename) {

----------------------------------------------------------------------


---------- Date: 2018-06-18 17:49:25 ~ IP : ::1 ----------
REQUEST URI : /new/admin/index.php?route=tool/log&token=GKRuJPz0CDy1xm9aGMww3uYNQaDE49j6
MOD DETAILS:
   modFile   : C:\xampp\htdocs\new\vqmod/xml/tv_smshare.vqmod.xml
   id        : smshare-oc2-extension
   version   : 4.1.0
   vqmver    : 2.5.1
   author    : dev@smshare.fr - http://www.smshare.fr

File Name    : system/library/language.php(0)
VQModObject::applyMod - SEARCH NOT FOUND (ABORTING MOD): public function load($filename) {

----------------------------------------------------------------------


---------- Date: 2018-06-18 17:57:06 ~ IP : ::1 ----------
REQUEST URI : /new/index.php?route=product/search&search=d
MOD DETAILS:
   modFile   : C:\xampp\htdocs\new\vqmod/xml/tv_smshare.vqmod.xml
   id        : smshare-oc2-extension
   version   : 4.1.0
   vqmver    : 2.5.1
   author    : dev@smshare.fr - http://www.smshare.fr

File Name    : system/library/language.php(0)
VQModObject::applyMod - SEARCH NOT FOUND (ABORTING MOD): public function load($filename) {

----------------------------------------------------------------------


---------- Date: 2018-06-18 17:57:52 ~ IP : ::1 ----------
REQUEST URI : /new/index.php?route=product/search&search=d
MOD DETAILS:
   modFile   : C:\xampp\htdocs\new\vqmod/xml/tv_smshare.vqmod.xml
   id        : smshare-oc2-extension
   version   : 4.1.0
   vqmver    : 2.5.1
   author    : dev@smshare.fr - http://www.smshare.fr

File Name    : system/library/language.php(0)
VQModObject::applyMod - SEARCH NOT FOUND (ABORTING MOD): public function load($filename) {

----------------------------------------------------------------------


---------- Date: 2018-06-18 17:58:09 ~ IP : ::1 ----------
REQUEST URI : /new/index.php?route=product/search&search=d
MOD DETAILS:
   modFile   : C:\xampp\htdocs\new\vqmod/xml/tv_smshare.vqmod.xml
   id        : smshare-oc2-extension
   version   : 4.1.0
   vqmver    : 2.5.1
   author    : dev@smshare.fr - http://www.smshare.fr

File Name    : system/library/language.php(0)
VQModObject::applyMod - SEARCH NOT FOUND (ABORTING MOD): public function load($filename) {

----------------------------------------------------------------------


