---------- Date: 2018-06-16 12:36:25 ~ IP : ::1 ----------
REQUEST URI : /new/index.php?route=account/account
MOD DETAILS:
   modFile   : C:\xampp\htdocs\new\vqmod/xml/tv_smshare.vqmod.xml
   id        : smshare-oc2-extension
   version   : 4.1.0
   vqmver    : 2.5.1
   author    : dev@smshare.fr - http://www.smshare.fr

File Name    : system/library/language.php(0)
VQModObject::applyMod - SEARCH NOT FOUND (ABORTING MOD): public function load($filename) {

----------------------------------------------------------------------


---------- Date: 2018-06-16 12:42:04 ~ IP : ::1 ----------
REQUEST URI : /new/index.php?route=account/logout
MOD DETAILS:
   modFile   : C:\xampp\htdocs\new\vqmod/xml/tv_smshare.vqmod.xml
   id        : smshare-oc2-extension
   version   : 4.1.0
   vqmver    : 2.5.1
   author    : dev@smshare.fr - http://www.smshare.fr

File Name    : system/library/language.php(0)
VQModObject::applyMod - SEARCH NOT FOUND (ABORTING MOD): public function load($filename) {

----------------------------------------------------------------------


---------- Date: 2018-06-16 12:46:02 ~ IP : ::1 ----------
REQUEST URI : /new/admin/index.php?route=extension/modification/refresh&token=mDVUoolnMiW6jpK3J9B2gAufDbJbTzXh
MOD DETAILS:
   modFile   : C:\xampp\htdocs\new\vqmod/xml/tv_smshare.vqmod.xml
   id        : smshare-oc2-extension
   version   : 4.1.0
   vqmver    : 2.5.1
   author    : dev@smshare.fr - http://www.smshare.fr

File Name    : system/library/language.php(0)
VQModObject::applyMod - SEARCH NOT FOUND (ABORTING MOD): public function load($filename) {

----------------------------------------------------------------------


---------- Date: 2018-06-16 12:48:22 ~ IP : ::1 ----------
REQUEST URI : /new/admin/index.php?route=extension/modification/refresh&token=FE5Sc1lO8b6qJJ6abV0gFzm5ykZe8UX7
MOD DETAILS:
   modFile   : C:\xampp\htdocs\new\vqmod/xml/tv_smshare.vqmod.xml
   id        : smshare-oc2-extension
   version   : 4.1.0
   vqmver    : 2.5.1
   author    : dev@smshare.fr - http://www.smshare.fr

File Name    : system/library/language.php(0)
VQModObject::applyMod - SEARCH NOT FOUND (ABORTING MOD): public function load($filename) {

----------------------------------------------------------------------


---------- Date: 2018-06-16 12:52:46 ~ IP : ::1 ----------
REQUEST URI : /new/admin/index.php?route=extension/modification/refresh&token=Bw8z782lUop3UGXyKtPF8gX1lqzRwMlI
MOD DETAILS:
   modFile   : C:\xampp\htdocs\new\vqmod/xml/tv_smshare.vqmod.xml
   id        : smshare-oc2-extension
   version   : 4.1.0
   vqmver    : 2.5.1
   author    : dev@smshare.fr - http://www.smshare.fr

File Name    : system/library/language.php(0)
VQModObject::applyMod - SEARCH NOT FOUND (ABORTING MOD): public function load($filename) {

----------------------------------------------------------------------


---------- Date: 2018-06-16 12:55:51 ~ IP : ::1 ----------
REQUEST URI : /new/admin/index.php?route=extension/modification/refresh&token=Bw8z782lUop3UGXyKtPF8gX1lqzRwMlI
MOD DETAILS:
   modFile   : C:\xampp\htdocs\new\vqmod/xml/tv_smshare.vqmod.xml
   id        : smshare-oc2-extension
   version   : 4.1.0
   vqmver    : 2.5.1
   author    : dev@smshare.fr - http://www.smshare.fr

File Name    : system/library/language.php(0)
VQModObject::applyMod - SEARCH NOT FOUND (ABORTING MOD): public function load($filename) {

----------------------------------------------------------------------


---------- Date: 2018-06-16 13:01:04 ~ IP : ::1 ----------
REQUEST URI : /new/admin/index.php?route=extension/modification/refresh&token=MEDJYTvf8cEGR1MhaSJEoOKwcTXi49M4
MOD DETAILS:
   modFile   : C:\xampp\htdocs\new\vqmod/xml/tv_smshare.vqmod.xml
   id        : smshare-oc2-extension
   version   : 4.1.0
   vqmver    : 2.5.1
   author    : dev@smshare.fr - http://www.smshare.fr

File Name    : system/library/language.php(0)
VQModObject::applyMod - SEARCH NOT FOUND (ABORTING MOD): public function load($filename) {

----------------------------------------------------------------------


---------- Date: 2018-06-16 13:01:04 ~ IP : ::1 ----------
REQUEST URI : /new/admin/index.php?route=extension/modification/refresh&token=MEDJYTvf8cEGR1MhaSJEoOKwcTXi49M4
MOD DETAILS:
   modFile   : C:\xampp\htdocs\new\vqmod/xml/tv_smshare.vqmod.xml
   id        : smshare-oc2-extension
   version   : 4.1.0
   vqmver    : 2.5.1
   author    : dev@smshare.fr - http://www.smshare.fr

File Name    : system/library/language.php(0)
VQModObject::applyMod - SEARCH NOT FOUND (ABORTING MOD): public function load($filename) {

----------------------------------------------------------------------


---------- Date: 2018-06-16 13:01:45 ~ IP : ::1 ----------
REQUEST URI : /new/index.php?route=account/register
MOD DETAILS:
   modFile   : C:\xampp\htdocs\new\vqmod/xml/tv_smshare.vqmod.xml
   id        : smshare-oc2-extension
   version   : 4.1.0
   vqmver    : 2.5.1
   author    : dev@smshare.fr - http://www.smshare.fr

File Name    : system/library/language.php(0)
VQModObject::applyMod - SEARCH NOT FOUND (ABORTING MOD): public function load($filename) {

----------------------------------------------------------------------


---------- Date: 2018-06-16 13:12:51 ~ IP : ::1 ----------
REQUEST URI : /new/admin/index.php?route=extension/modification/refresh&token=MEDJYTvf8cEGR1MhaSJEoOKwcTXi49M4
MOD DETAILS:
   modFile   : C:\xampp\htdocs\new\vqmod/xml/tv_smshare.vqmod.xml
   id        : smshare-oc2-extension
   version   : 4.1.0
   vqmver    : 2.5.1
   author    : dev@smshare.fr - http://www.smshare.fr

File Name    : system/library/language.php(0)
VQModObject::applyMod - SEARCH NOT FOUND (ABORTING MOD): public function load($filename) {

----------------------------------------------------------------------


---------- Date: 2018-06-16 13:25:31 ~ IP : ::1 ----------
REQUEST URI : /new/admin/index.php?route=extension/modification/refresh&token=MEDJYTvf8cEGR1MhaSJEoOKwcTXi49M4
MOD DETAILS:
   modFile   : C:\xampp\htdocs\new\vqmod/xml/tv_smshare.vqmod.xml
   id        : smshare-oc2-extension
   version   : 4.1.0
   vqmver    : 2.5.1
   author    : dev@smshare.fr - http://www.smshare.fr

File Name    : system/library/language.php(0)
VQModObject::applyMod - SEARCH NOT FOUND (ABORTING MOD): public function load($filename) {

----------------------------------------------------------------------


---------- Date: 2018-06-16 13:25:41 ~ IP : ::1 ----------
REQUEST URI : /new/index.php?route=checkout/success
MOD DETAILS:
   modFile   : C:\xampp\htdocs\new\vqmod/xml/tv_smshare.vqmod.xml
   id        : smshare-oc2-extension
   version   : 4.1.0
   vqmver    : 2.5.1
   author    : dev@smshare.fr - http://www.smshare.fr

File Name    : system/library/language.php(0)
VQModObject::applyMod - SEARCH NOT FOUND (ABORTING MOD): public function load($filename) {

----------------------------------------------------------------------


---------- Date: 2018-06-16 13:29:36 ~ IP : ::1 ----------
REQUEST URI : /new/catalog/view/theme/default/fonts/fontawesome-webfont.woff?v=4.7.0
MOD DETAILS:
   modFile   : C:\xampp\htdocs\new\vqmod/xml/tv_smshare.vqmod.xml
   id        : smshare-oc2-extension
   version   : 4.1.0
   vqmver    : 2.5.1
   author    : dev@smshare.fr - http://www.smshare.fr

File Name    : system/library/language.php(0)
VQModObject::applyMod - SEARCH NOT FOUND (ABORTING MOD): public function load($filename) {

----------------------------------------------------------------------


---------- Date: 2018-06-16 13:39:42 ~ IP : ::1 ----------
REQUEST URI : /new/admin/index.php?route=extension/modification/refresh&token=MEDJYTvf8cEGR1MhaSJEoOKwcTXi49M4
MOD DETAILS:
   modFile   : C:\xampp\htdocs\new\vqmod/xml/tv_smshare.vqmod.xml
   id        : smshare-oc2-extension
   version   : 4.1.0
   vqmver    : 2.5.1
   author    : dev@smshare.fr - http://www.smshare.fr

File Name    : system/library/language.php(0)
VQModObject::applyMod - SEARCH NOT FOUND (ABORTING MOD): public function load($filename) {

----------------------------------------------------------------------


---------- Date: 2018-06-16 13:41:42 ~ IP : ::1 ----------
REQUEST URI : /new/cart
MOD DETAILS:
   modFile   : C:\xampp\htdocs\new\vqmod/xml/tv_smshare.vqmod.xml
   id        : smshare-oc2-extension
   version   : 4.1.0
   vqmver    : 2.5.1
   author    : dev@smshare.fr - http://www.smshare.fr

File Name    : system/library/language.php(0)
VQModObject::applyMod - SEARCH NOT FOUND (ABORTING MOD): public function load($filename) {

----------------------------------------------------------------------


---------- Date: 2018-06-16 14:59:09 ~ IP : ::1 ----------
REQUEST URI : /new/
MOD DETAILS:
   modFile   : C:\xampp\htdocs\new\vqmod/xml/tv_smshare.vqmod.xml
   id        : smshare-oc2-extension
   version   : 4.1.0
   vqmver    : 2.5.1
   author    : dev@smshare.fr - http://www.smshare.fr

File Name    : system/library/language.php(0)
VQModObject::applyMod - SEARCH NOT FOUND (ABORTING MOD): public function load($filename) {

----------------------------------------------------------------------


